2020-01-01 02:30:37.114 INFO logs -> read_Commands: IPCONFIG
2020-01-01 02:30:37.169 INFO logs -> formatting_and_logging: Windows IP Configuration
2020-01-01 02:30:37.170 INFO logs -> formatting_and_logging: Ethernet adapter Ethernet:
2020-01-01 02:30:37.170 INFO logs -> formatting_and_logging:    Media State . . . . . . . . . . . : Media disconnected
2020-01-01 02:30:37.170 INFO logs -> formatting_and_logging:    Connection-specific DNS Suffix  . : in.oracle.com
2020-01-01 02:30:37.170 INFO logs -> formatting_and_logging: Wireless LAN adapter Local Area Connection* 1:
2020-01-01 02:30:37.170 INFO logs -> formatting_and_logging:    Media State . . . . . . . . . . . : Media disconnected
2020-01-01 02:30:37.173 INFO logs -> formatting_and_logging:    Connection-specific DNS Suffix  . : 
2020-01-01 02:30:37.173 INFO logs -> formatting_and_logging: Wireless LAN adapter Local Area Connection* 2:
2020-01-01 02:30:37.173 INFO logs -> formatting_and_logging:    Media State . . . . . . . . . . . : Media disconnected
2020-01-01 02:30:37.173 INFO logs -> formatting_and_logging:    Connection-specific DNS Suffix  . : 
2020-01-01 02:30:37.173 INFO logs -> formatting_and_logging: Wireless LAN adapter Wi-Fi:
2020-01-01 02:30:37.173 INFO logs -> formatting_and_logging:    Connection-specific DNS Suffix  . : 
2020-01-01 02:30:37.174 INFO logs -> formatting_and_logging:    Link-local IPv6 Address . . . . . : fe84::b11a:5fbd:27bc:5c10%2
2020-01-01 02:30:37.174 INFO logs -> formatting_and_logging:    IPv4 Address. . . . . . . . . . . : 192.168.1.7
2020-01-01 02:30:37.174 INFO logs -> formatting_and_logging:    Subnet Mask . . . . . . . . . . . : 255.255.255.0
2020-01-01 02:30:37.174 INFO logs -> formatting_and_logging:    Default Gateway . . . . . . . . . : fe80::1%3
2020-01-01 02:30:37.174 INFO logs -> formatting_and_logging:                                        fe80::e662:23ff:fe84:5491%2
2020-01-01 02:30:37.174 INFO logs -> formatting_and_logging:                                        192.168.1.1
2020-01-01 02:30:37.174 INFO logs -> formatting_and_logging: '
2020-01-01 02:30:37.174 INFO logs -> read_Commands: SYSTEMINFO
2020-01-01 02:30:42.067 INFO logs -> formatting_and_logging: Host Name:                 DHIRKKUM-LOANER
2020-01-01 02:30:42.067 INFO logs -> formatting_and_logging: OS Name:                   Microsoft Windows 10 Pro
2020-01-01 02:30:42.067 INFO logs -> formatting_and_logging: OS Version:                10.0.17763 N/A Build 17763
2020-01-01 02:30:42.067 INFO logs -> formatting_and_logging: OS Manufacturer:           Microsoft Corporation
2020-01-01 02:30:42.067 INFO logs -> formatting_and_logging: OS Configuration:          Member Workstation
2020-01-01 02:30:42.067 INFO logs -> formatting_and_logging: OS Build Type:             Multiprocessor Free
2020-01-01 02:30:42.068 INFO logs -> formatting_and_logging: Registered Owner:          Dhiraj Kumar
2020-01-01 02:30:42.068 INFO logs -> formatting_and_logging: System Manufacturer:       LENOVO
2020-01-01 02:30:42.068 INFO logs -> formatting_and_logging: System Model:              20FMS05G01
2020-01-01 02:30:42.068 INFO logs -> formatting_and_logging: System Type:               x64-based PC
2020-01-01 02:30:42.068 INFO logs -> formatting_and_logging: Processor(s):              1 Processor(s) Installed.
2020-01-01 02:30:42.069 INFO logs -> formatting_and_logging:                            [01]: Intel64 Family 6 Model 78 Stepping 3 GenuineIntel ~798 Mhz
2020-01-01 02:30:42.069 INFO logs -> formatting_and_logging: BIOS Version:              LENOVO R06ET58W (1.32 ), 15-Dec-17
2020-01-01 02:30:42.069 INFO logs -> formatting_and_logging: Windows Directory:         C:\\windows
2020-01-01 02:30:42.069 INFO logs -> formatting_and_logging: System Directory:          C:\\windows\\system32
2020-01-01 02:30:42.069 INFO logs -> formatting_and_logging: Boot Device:               \\Device\\HarddiskVolume2
2020-01-01 02:30:42.069 INFO logs -> formatting_and_logging: System Locale:             en-us;English (United States)
2020-01-01 02:30:42.069 INFO logs -> formatting_and_logging: Input Locale:              en-us;English (United States)
2020-01-01 02:30:42.069 INFO logs -> formatting_and_logging: Time Zone:                 (UTC+05:30) Chennai, Kolkata, Mumbai, New Delhi
2020-01-01 02:30:42.070 INFO logs -> formatting_and_logging: Total Physical Memory:     16,205 MB
2020-01-01 02:30:42.070 INFO logs -> formatting_and_logging: Available Physical Memory: 9,479 MB
2020-01-01 02:30:42.070 INFO logs -> formatting_and_logging: Virtual Memory: Max Size:  21,581 MB
2020-01-01 02:30:42.070 INFO logs -> formatting_and_logging: Virtual Memory: Available: 13,480 MB
2020-01-01 02:30:42.070 INFO logs -> formatting_and_logging: Virtual Memory: In Use:    8,101 MB
2020-01-01 02:30:42.070 INFO logs -> formatting_and_logging: Page File Location(s):     C:\\pagefile.sys
2020-01-01 02:30:42.070 INFO logs -> formatting_and_logging:                            D:\\pagefile.sy